{
  "RSpec": {
    "coverage": {
      "/Users/Tyler/Desktop/devpoint_git/classified_ads/spec/controllers/categories_controller_spec.rb": [
        1,
        null,
        1,
        null,
        1,
        1,
        1,
        1,
        null,
        null,
        null,
        1,
        1,
        1,
        1,
        null,
        null,
        null,
        1,
        1,
        1,
        0,
        null,
        null,
        null,
        1,
        1,
        1,
        1,
        null,
        null,
        null,
        1,
        1,
        1,
        0,
        null,
        null,
        null,
        1,
        1,
        1,
        1,
        null,
        null,
        null,
        1,
        1,
        1,
        0,
        null,
        null,
        null,
        null
      ],
      "/Users/Tyler/Desktop/devpoint_git/classified_ads/spec/rails_helper.rb": [
        null,
        1,
        1,
        null,
        1,
        1,
        1,
        null,
        null,
        null,
        null,
        null,
        null,
        null,
        null,
        null,
        null,
        null,
        null,
        null,
        null,
        null,
        null,
        null,
        null,
        null,
        1,
        null,
        1,
        null,
        1,
        null,
        null,
        null,
        null,
        1,
        null,
        null,
        null,
        null,
        null,
        null,
        null,
        null,
        null,
        null,
        null,
        null,
        null,
        null,
        1,
        null
      ],
      "/Users/Tyler/Desktop/devpoint_git/classified_ads/config/environment.rb": [
        null,
        1,
        null,
        null,
        1
      ],
      "/Users/Tyler/Desktop/devpoint_git/classified_ads/config/application.rb": [
        1,
        null,
        1,
        null,
        null,
        null,
        1,
        null,
        1,
        1,
        null,
        null,
        null,
        null,
        null,
        null,
        null,
        null,
        null,
        null,
        null,
        null,
        null,
        1,
        null,
        null
      ],
      "/Users/Tyler/Desktop/devpoint_git/classified_ads/config/boot.rb": [
        1,
        null,
        1
      ],
      "/Users/Tyler/Desktop/devpoint_git/classified_ads/config/environments/test.rb": [
        1,
        null,
        null,
        null,
        null,
        null,
        null,
        1,
        null,
        null,
        null,
        null,
        1,
        null,
        null,
        1,
        1,
        null,
        null,
        1,
        1,
        null,
        null,
        1,
        null,
        null,
        1,
        null,
        null,
        null,
        null,
        1,
        null,
        null,
        1,
        null,
        null,
        1,
        null,
        null,
        null,
        null
      ],
      "/Users/Tyler/Desktop/devpoint_git/classified_ads/config/initializers/assets.rb": [
        null,
        null,
        null,
        1,
        null,
        null,
        null,
        null,
        null,
        null,
        null
      ],
      "/Users/Tyler/Desktop/devpoint_git/classified_ads/config/initializers/backtrace_silencers.rb": [
        null,
        null,
        null,
        null,
        null,
        null,
        null
      ],
      "/Users/Tyler/Desktop/devpoint_git/classified_ads/config/initializers/cookies_serializer.rb": [
        null,
        null,
        1
      ],
      "/Users/Tyler/Desktop/devpoint_git/classified_ads/config/initializers/filter_parameter_logging.rb": [
        null,
        null,
        null,
        1
      ],
      "/Users/Tyler/Desktop/devpoint_git/classified_ads/config/initializers/inflections.rb": [
        null,
        null,
        null,
        null,
        null,
        null,
        null,
        null,
        null,
        null,
        null,
        null,
        null,
        null,
        null,
        null
      ],
      "/Users/Tyler/Desktop/devpoint_git/classified_ads/config/initializers/mime_types.rb": [
        null,
        null,
        null,
        null
      ],
      "/Users/Tyler/Desktop/devpoint_git/classified_ads/config/initializers/session_store.rb": [
        null,
        null,
        1
      ],
      "/Users/Tyler/Desktop/devpoint_git/classified_ads/config/initializers/wrap_parameters.rb": [
        null,
        null,
        null,
        null,
        null,
        null,
        1,
        1,
        null,
        null,
        null,
        null,
        null,
        null
      ],
      "/Users/Tyler/Desktop/devpoint_git/classified_ads/config/routes.rb": [
        1,
        1,
        null,
        1,
        null,
        1,
        null,
        1,
        null,
        1,
        null,
        1,
        null,
        1,
        null,
        1,
        null,
        null,
        null,
        null,
        null,
        null,
        null,
        null,
        null,
        null,
        null,
        null,
        null,
        null,
        null,
        null,
        null,
        null,
        null,
        null,
        null,
        null,
        null,
        null,
        null,
        null,
        null,
        null,
        null,
        null,
        null,
        null,
        null,
        null,
        null,
        null,
        null,
        null,
        null,
        null,
        null,
        null,
        null,
        null,
        null,
        null,
        null,
        null,
        null,
        null,
        null,
        null,
        null,
        null,
        null,
        null
      ],
      "/Users/Tyler/Desktop/devpoint_git/classified_ads/app/helpers/application_helper.rb": [
        1,
        null
      ],
      "/Users/Tyler/Desktop/devpoint_git/classified_ads/app/helpers/categories_helper.rb": [
        1,
        null
      ],
      "/Users/Tyler/Desktop/devpoint_git/classified_ads/app/helpers/items_helper.rb": [
        1,
        null
      ],
      "/Users/Tyler/Desktop/devpoint_git/classified_ads/app/controllers/categories_controller.rb": [
        1,
        1,
        null,
        null,
        1,
        null,
        null,
        1,
        null,
        null,
        1,
        null,
        null
      ],
      "/Users/Tyler/Desktop/devpoint_git/classified_ads/app/controllers/application_controller.rb": [
        1,
        null,
        null,
        1,
        null
      ],
      "/Users/Tyler/Desktop/devpoint_git/classified_ads/spec/controllers/items_controller_spec.rb": [
        1,
        null,
        1,
        null,
        1,
        1,
        1,
        1,
        null,
        null,
        null,
        1,
        1,
        1,
        1,
        null,
        null,
        null,
        1,
        1,
        1,
        1,
        null,
        null,
        null,
        1,
        1,
        1,
        1,
        null,
        null,
        null,
        null
      ],
      "/Users/Tyler/Desktop/devpoint_git/classified_ads/app/controllers/items_controller.rb": [
        1,
        1,
        null,
        null,
        1,
        null,
        null,
        1,
        null,
        null,
        1,
        null,
        null
      ],
      "/Users/Tyler/Desktop/devpoint_git/classified_ads/spec/helpers/categories_helper_spec.rb": [
        1,
        null,
        null,
        null,
        null,
        null,
        null,
        null,
        null,
        null,
        null,
        null,
        1,
        1,
        null
      ],
      "/Users/Tyler/Desktop/devpoint_git/classified_ads/spec/helpers/items_helper_spec.rb": [
        1,
        null,
        null,
        null,
        null,
        null,
        null,
        null,
        null,
        null,
        null,
        null,
        1,
        1,
        null
      ],
      "/Users/Tyler/Desktop/devpoint_git/classified_ads/spec/models/category_spec.rb": [
        1,
        null,
        1,
        1,
        null
      ],
      "/Users/Tyler/Desktop/devpoint_git/classified_ads/app/models/category.rb": [
        1,
        null
      ],
      "/Users/Tyler/Desktop/devpoint_git/classified_ads/spec/views/categories/edit.html.erb_spec.rb": [
        1,
        null,
        1,
        1,
        null
      ],
      "/Users/Tyler/Desktop/devpoint_git/classified_ads/spec/views/categories/index.html.erb_spec.rb": [
        1,
        null,
        1,
        1,
        null
      ],
      "/Users/Tyler/Desktop/devpoint_git/classified_ads/spec/views/categories/new.html.erb_spec.rb": [
        1,
        null,
        1,
        1,
        null
      ],
      "/Users/Tyler/Desktop/devpoint_git/classified_ads/spec/views/categories/show.html.erb_spec.rb": [
        1,
        null,
        1,
        1,
        null
      ],
      "/Users/Tyler/Desktop/devpoint_git/classified_ads/spec/views/items/edit.html.erb_spec.rb": [
        1,
        null,
        1,
        1,
        null
      ],
      "/Users/Tyler/Desktop/devpoint_git/classified_ads/spec/views/items/index.html.erb_spec.rb": [
        1,
        null,
        1,
        1,
        null
      ],
      "/Users/Tyler/Desktop/devpoint_git/classified_ads/spec/views/items/new.html.erb_spec.rb": [
        1,
        null,
        1,
        1,
        null
      ],
      "/Users/Tyler/Desktop/devpoint_git/classified_ads/spec/views/items/show.html.erb_spec.rb": [
        1,
        null,
        1,
        1,
        null
      ]
    },
    "timestamp": 1435175343
  }
}
